2020-12-12 21:33:32.739  INFO 32652 --- [main] c.o.t.TimemanagementApplication          : Starting TimemanagementApplication on LAPTOP-DTCCADIQ with PID 32652 (C:\Users\ziliuziliu\Desktop\ASSIGNMENTS\Grade3\TimeManagement\TimeManagementBackend\target\classes started by ziliuziliu in C:\Users\ziliuziliu\Desktop\ASSIGNMENTS\Grade3\TimeManagement\TimeManagementBackend)
2020-12-12 21:33:32.748  INFO 32652 --- [main] c.o.t.TimemanagementApplication          : No active profile set, falling back to default profiles: default
2020-12-12 21:33:34.271  INFO 32652 --- [main] .s.d.r.c.RepositoryConfigurationDelegate : Multiple Spring Data modules found, entering strict repository configuration mode!
2020-12-12 21:33:34.271  INFO 32652 --- [main] .s.d.r.c.RepositoryConfigurationDelegate : Bootstrapping Spring Data JPA repositories in DEFERRED mode.
2020-12-12 21:33:34.361  INFO 32652 --- [main] .RepositoryConfigurationExtensionSupport : Spring Data JPA - Could not safely identify store assignment for repository candidate interface com.oligei.timemanagement.repository.AskNeo4jRepository. If you want this repository to be a JPA repository, consider annotating your entities with one of these annotations: javax.persistence.Entity, javax.persistence.MappedSuperclass (preferred), or consider extending one of the following types with your repository: org.springframework.data.jpa.repository.JpaRepository.
2020-12-12 21:33:34.378  INFO 32652 --- [main] .RepositoryConfigurationExtensionSupport : Spring Data JPA - Could not safely identify store assignment for repository candidate interface com.oligei.timemanagement.repository.FollowNeo4jRepository. If you want this repository to be a JPA repository, consider annotating your entities with one of these annotations: javax.persistence.Entity, javax.persistence.MappedSuperclass (preferred), or consider extending one of the following types with your repository: org.springframework.data.jpa.repository.JpaRepository.
2020-12-12 21:33:34.382  INFO 32652 --- [main] .RepositoryConfigurationExtensionSupport : Spring Data JPA - Could not safely identify store assignment for repository candidate interface com.oligei.timemanagement.repository.SetNeo4jRepository. If you want this repository to be a JPA repository, consider annotating your entities with one of these annotations: javax.persistence.Entity, javax.persistence.MappedSuperclass (preferred), or consider extending one of the following types with your repository: org.springframework.data.jpa.repository.JpaRepository.
2020-12-12 21:33:34.388  INFO 32652 --- [main] .RepositoryConfigurationExtensionSupport : Spring Data JPA - Could not safely identify store assignment for repository candidate interface com.oligei.timemanagement.repository.UserMongoDBRepository. If you want this repository to be a JPA repository, consider annotating your entities with one of these annotations: javax.persistence.Entity, javax.persistence.MappedSuperclass (preferred), or consider extending one of the following types with your repository: org.springframework.data.jpa.repository.JpaRepository.
2020-12-12 21:33:34.392  INFO 32652 --- [main] .RepositoryConfigurationExtensionSupport : Spring Data JPA - Could not safely identify store assignment for repository candidate interface com.oligei.timemanagement.repository.UserNeo4jRepository. If you want this repository to be a JPA repository, consider annotating your entities with one of these annotations: javax.persistence.Entity, javax.persistence.MappedSuperclass (preferred), or consider extending one of the following types with your repository: org.springframework.data.jpa.repository.JpaRepository.
2020-12-12 21:33:34.439  INFO 32652 --- [main] .s.d.r.c.RepositoryConfigurationDelegate : Finished Spring Data repository scanning in 157ms. Found 2 JPA repository interfaces.
2020-12-12 21:33:34.447  INFO 32652 --- [main] .s.d.r.c.RepositoryConfigurationDelegate : Multiple Spring Data modules found, entering strict repository configuration mode!
2020-12-12 21:33:34.447  INFO 32652 --- [main] .s.d.r.c.RepositoryConfigurationDelegate : Bootstrapping Spring Data MongoDB repositories in DEFAULT mode.
2020-12-12 21:33:34.484  INFO 32652 --- [main] .RepositoryConfigurationExtensionSupport : Spring Data MongoDB - Could not safely identify store assignment for repository candidate interface com.oligei.timemanagement.repository.AskNeo4jRepository. If you want this repository to be a MongoDB repository, consider annotating your entities with one of these annotations: org.springframework.data.mongodb.core.mapping.Document (preferred), or consider extending one of the following types with your repository: org.springframework.data.mongodb.repository.MongoRepository.
2020-12-12 21:33:34.486  INFO 32652 --- [main] .RepositoryConfigurationExtensionSupport : Spring Data MongoDB - Could not safely identify store assignment for repository candidate interface com.oligei.timemanagement.repository.DetailRepository. If you want this repository to be a MongoDB repository, consider annotating your entities with one of these annotations: org.springframework.data.mongodb.core.mapping.Document (preferred), or consider extending one of the following types with your repository: org.springframework.data.mongodb.repository.MongoRepository.
2020-12-12 21:33:34.486  INFO 32652 --- [main] .RepositoryConfigurationExtensionSupport : Spring Data MongoDB - Could not safely identify store assignment for repository candidate interface com.oligei.timemanagement.repository.FollowNeo4jRepository. If you want this repository to be a MongoDB repository, consider annotating your entities with one of these annotations: org.springframework.data.mongodb.core.mapping.Document (preferred), or consider extending one of the following types with your repository: org.springframework.data.mongodb.repository.MongoRepository.
2020-12-12 21:33:34.487  INFO 32652 --- [main] .RepositoryConfigurationExtensionSupport : Spring Data MongoDB - Could not safely identify store assignment for repository candidate interface com.oligei.timemanagement.repository.SetNeo4jRepository. If you want this repository to be a MongoDB repository, consider annotating your entities with one of these annotations: org.springframework.data.mongodb.core.mapping.Document (preferred), or consider extending one of the following types with your repository: org.springframework.data.mongodb.repository.MongoRepository.
2020-12-12 21:33:34.489  INFO 32652 --- [main] .RepositoryConfigurationExtensionSupport : Spring Data MongoDB - Could not safely identify store assignment for repository candidate interface com.oligei.timemanagement.repository.UserNeo4jRepository. If you want this repository to be a MongoDB repository, consider annotating your entities with one of these annotations: org.springframework.data.mongodb.core.mapping.Document (preferred), or consider extending one of the following types with your repository: org.springframework.data.mongodb.repository.MongoRepository.
2020-12-12 21:33:34.491  INFO 32652 --- [main] .RepositoryConfigurationExtensionSupport : Spring Data MongoDB - Could not safely identify store assignment for repository candidate interface com.oligei.timemanagement.repository.UserRepository. If you want this repository to be a MongoDB repository, consider annotating your entities with one of these annotations: org.springframework.data.mongodb.core.mapping.Document (preferred), or consider extending one of the following types with your repository: org.springframework.data.mongodb.repository.MongoRepository.
2020-12-12 21:33:34.521  INFO 32652 --- [main] .s.d.r.c.RepositoryConfigurationDelegate : Finished Spring Data repository scanning in 73ms. Found 1 MongoDB repository interfaces.
2020-12-12 21:33:34.537  INFO 32652 --- [main] .s.d.r.c.RepositoryConfigurationDelegate : Multiple Spring Data modules found, entering strict repository configuration mode!
2020-12-12 21:33:34.537  INFO 32652 --- [main] .s.d.r.c.RepositoryConfigurationDelegate : Bootstrapping Spring Data Neo4j repositories in DEFAULT mode.
2020-12-12 21:33:34.581  INFO 32652 --- [main] .RepositoryConfigurationExtensionSupport : Spring Data Neo4j - Could not safely identify store assignment for repository candidate interface com.oligei.timemanagement.repository.DetailRepository. If you want this repository to be a Neo4j repository, consider annotating your entities with one of these annotations: org.neo4j.ogm.annotation.NodeEntity, org.neo4j.ogm.annotation.RelationshipEntity (preferred), or consider extending one of the following types with your repository: org.springframework.data.neo4j.repository.Neo4jRepository.
2020-12-12 21:33:34.583  INFO 32652 --- [main] .RepositoryConfigurationExtensionSupport : Spring Data Neo4j - Could not safely identify store assignment for repository candidate interface com.oligei.timemanagement.repository.UserMongoDBRepository. If you want this repository to be a Neo4j repository, consider annotating your entities with one of these annotations: org.neo4j.ogm.annotation.NodeEntity, org.neo4j.ogm.annotation.RelationshipEntity (preferred), or consider extending one of the following types with your repository: org.springframework.data.neo4j.repository.Neo4jRepository.
2020-12-12 21:33:34.584  INFO 32652 --- [main] .RepositoryConfigurationExtensionSupport : Spring Data Neo4j - Could not safely identify store assignment for repository candidate interface com.oligei.timemanagement.repository.UserRepository. If you want this repository to be a Neo4j repository, consider annotating your entities with one of these annotations: org.neo4j.ogm.annotation.NodeEntity, org.neo4j.ogm.annotation.RelationshipEntity (preferred), or consider extending one of the following types with your repository: org.springframework.data.neo4j.repository.Neo4jRepository.
2020-12-12 21:33:34.615  INFO 32652 --- [main] .s.d.r.c.RepositoryConfigurationDelegate : Finished Spring Data repository scanning in 73ms. Found 4 Neo4j repository interfaces.
2020-12-12 21:33:35.333  INFO 32652 --- [main] o.s.b.w.embedded.tomcat.TomcatWebServer  : Tomcat initialized with port(s): 1111 (http)
2020-12-12 21:33:35.347  INFO 32652 --- [main] o.apache.catalina.core.StandardService   : Starting service [Tomcat]
2020-12-12 21:33:35.347  INFO 32652 --- [main] org.apache.catalina.core.StandardEngine  : Starting Servlet engine: [Apache Tomcat/9.0.38]
2020-12-12 21:33:35.349  INFO 32652 --- [main] o.a.catalina.core.AprLifecycleListener   : Loaded Apache Tomcat Native library [1.2.23] using APR version [1.7.0].
2020-12-12 21:33:35.350  INFO 32652 --- [main] o.a.catalina.core.AprLifecycleListener   : APR capabilities: IPv6 [true], sendfile [true], accept filters [false], random [true].
2020-12-12 21:33:35.350  INFO 32652 --- [main] o.a.catalina.core.AprLifecycleListener   : APR/OpenSSL configuration: useAprConnector [false], useOpenSSL [true]
2020-12-12 21:33:35.369  INFO 32652 --- [main] o.a.catalina.core.AprLifecycleListener   : OpenSSL successfully initialized [OpenSSL 1.1.1c  28 May 2019]
2020-12-12 21:33:35.635  INFO 32652 --- [main] o.a.c.c.C.[Tomcat].[localhost].[/]       : Initializing Spring embedded WebApplicationContext
2020-12-12 21:33:35.636  INFO 32652 --- [main] w.s.c.ServletWebServerApplicationContext : Root WebApplicationContext: initialization completed in 2831 ms
2020-12-12 21:33:35.959  INFO 32652 --- [main] o.s.s.concurrent.ThreadPoolTaskExecutor  : Initializing ExecutorService 'applicationTaskExecutor'
2020-12-12 21:33:36.242  INFO 32652 --- [main] org.mongodb.driver.cluster               : Cluster created with settings {hosts=[47.100.88.133:27017], mode=SINGLE, requiredClusterType=UNKNOWN, serverSelectionTimeout='30000 ms'}
2020-12-12 21:33:36.483  INFO 32652 --- [task-1] com.zaxxer.hikari.HikariDataSource       : HikariPool-1 - Starting...
2020-12-12 21:33:36.508  INFO 32652 --- [cluster-ClusterId{value='5fd4c6b0f80ca71600b8b2fc', description='null'}-47.100.88.133:27017] org.mongodb.driver.connection            : Opened connection [connectionId{localValue:1, serverValue:668}] to 47.100.88.133:27017
2020-12-12 21:33:36.595  INFO 32652 --- [cluster-ClusterId{value='5fd4c6b0f80ca71600b8b2fc', description='null'}-47.100.88.133:27017] org.mongodb.driver.cluster               : Monitor thread successfully connected to server with description ServerDescription{address=47.100.88.133:27017, type=STANDALONE, state=CONNECTED, ok=true, minWireVersion=0, maxWireVersion=9, maxDocumentSize=16777216, logicalSessionTimeoutMinutes=30, roundTripTimeNanos=84850800}
2020-12-12 21:33:37.401  INFO 32652 --- [main] org.neo4j.ogm.metadata.DomainInfo        : Starting Post-processing phase
2020-12-12 21:33:37.401  INFO 32652 --- [main] org.neo4j.ogm.metadata.DomainInfo        : Building byLabel lookup maps
2020-12-12 21:33:37.402  INFO 32652 --- [main] org.neo4j.ogm.metadata.DomainInfo        : Building interface class map for 51 classes
2020-12-12 21:33:37.415  INFO 32652 --- [main] org.neo4j.ogm.metadata.DomainInfo        : Post-processing complete
2020-12-12 21:33:37.460  INFO 32652 --- [main] o.s.d.neo4j.mapping.Neo4jMappingContext  : Neo4jMappingContext initialisation completed
2020-12-12 21:33:37.613  INFO 32652 --- [task-1] com.zaxxer.hikari.HikariDataSource       : HikariPool-1 - Start completed.
2020-12-12 21:33:37.638  WARN 32652 --- [main] JpaBaseConfiguration$JpaWebConfiguration : spring.jpa.open-in-view is enabled by default. Therefore, database queries may be performed during view rendering. Explicitly configure spring.jpa.open-in-view to disable this warning
2020-12-12 21:33:38.738  INFO 32652 --- [task-1] j.LocalContainerEntityManagerFactoryBean : Initialized JPA EntityManagerFactory for persistence unit 'default'
2020-12-12 21:33:38.972  INFO 32652 --- [main] o.s.b.a.e.web.EndpointLinksResolver      : Exposing 2 endpoint(s) beneath base path '/actuator'
2020-12-12 21:33:39.565  INFO 32652 --- [main] o.s.b.w.embedded.tomcat.TomcatWebServer  : Tomcat started on port(s): 1111 (http) with context path ''
2020-12-12 21:33:39.566  INFO 32652 --- [main] DeferredRepositoryInitializationListener : Triggering deferred initialization of Spring Data repositories…
2020-12-12 21:33:39.739  INFO 32652 --- [main] DeferredRepositoryInitializationListener : Spring Data repositories initialized!
2020-12-12 21:33:39.754  INFO 32652 --- [main] c.o.t.TimemanagementApplication          : Started TimemanagementApplication in 7.586 seconds (JVM running for 10.145)
2020-12-12 21:34:16.517  INFO 32652 --- [http-nio-1111-exec-2] o.a.c.c.C.[Tomcat].[localhost].[/]       : Initializing Spring DispatcherServlet 'dispatcherServlet'
2020-12-12 21:34:16.517  INFO 32652 --- [http-nio-1111-exec-2] o.s.web.servlet.DispatcherServlet        : Initializing Servlet 'dispatcherServlet'
2020-12-12 21:34:16.526  INFO 32652 --- [http-nio-1111-exec-2] o.s.web.servlet.DispatcherServlet        : Completed initialization in 9 ms
2020-12-12 21:34:28.817  INFO 32652 --- [http-nio-1111-exec-3] org.mongodb.driver.connection            : Opened connection [connectionId{localValue:2, serverValue:669}] to 47.100.88.133:27017
2020-12-12 21:34:29.344  INFO 32652 --- [http-nio-1111-exec-3] Driver                                   : Direct driver instance 1576844135 created for server address 47.100.88.133:7687
2020-12-12 21:56:43.435  INFO 30396 --- [main] c.o.t.TimemanagementApplication          : Starting TimemanagementApplication on LAPTOP-DTCCADIQ with PID 30396 (C:\Users\ziliuziliu\Desktop\ASSIGNMENTS\Grade3\TimeManagement\TimeManagementBackend\target\classes started by ziliuziliu in C:\Users\ziliuziliu\Desktop\ASSIGNMENTS\Grade3\TimeManagement\TimeManagementBackend)
2020-12-12 21:56:43.438  INFO 30396 --- [main] c.o.t.TimemanagementApplication          : No active profile set, falling back to default profiles: default
2020-12-12 21:56:44.531  INFO 30396 --- [main] .s.d.r.c.RepositoryConfigurationDelegate : Multiple Spring Data modules found, entering strict repository configuration mode!
2020-12-12 21:56:44.532  INFO 30396 --- [main] .s.d.r.c.RepositoryConfigurationDelegate : Bootstrapping Spring Data JPA repositories in DEFERRED mode.
2020-12-12 21:56:44.604  INFO 30396 --- [main] .RepositoryConfigurationExtensionSupport : Spring Data JPA - Could not safely identify store assignment for repository candidate interface com.oligei.timemanagement.repository.AskNeo4jRepository. If you want this repository to be a JPA repository, consider annotating your entities with one of these annotations: javax.persistence.Entity, javax.persistence.MappedSuperclass (preferred), or consider extending one of the following types with your repository: org.springframework.data.jpa.repository.JpaRepository.
2020-12-12 21:56:44.617  INFO 30396 --- [main] .RepositoryConfigurationExtensionSupport : Spring Data JPA - Could not safely identify store assignment for repository candidate interface com.oligei.timemanagement.repository.FollowNeo4jRepository. If you want this repository to be a JPA repository, consider annotating your entities with one of these annotations: javax.persistence.Entity, javax.persistence.MappedSuperclass (preferred), or consider extending one of the following types with your repository: org.springframework.data.jpa.repository.JpaRepository.
2020-12-12 21:56:44.620  INFO 30396 --- [main] .RepositoryConfigurationExtensionSupport : Spring Data JPA - Could not safely identify store assignment for repository candidate interface com.oligei.timemanagement.repository.SetNeo4jRepository. If you want this repository to be a JPA repository, consider annotating your entities with one of these annotations: javax.persistence.Entity, javax.persistence.MappedSuperclass (preferred), or consider extending one of the following types with your repository: org.springframework.data.jpa.repository.JpaRepository.
2020-12-12 21:56:44.624  INFO 30396 --- [main] .RepositoryConfigurationExtensionSupport : Spring Data JPA - Could not safely identify store assignment for repository candidate interface com.oligei.timemanagement.repository.UserMongoDBRepository. If you want this repository to be a JPA repository, consider annotating your entities with one of these annotations: javax.persistence.Entity, javax.persistence.MappedSuperclass (preferred), or consider extending one of the following types with your repository: org.springframework.data.jpa.repository.JpaRepository.
2020-12-12 21:56:44.628  INFO 30396 --- [main] .RepositoryConfigurationExtensionSupport : Spring Data JPA - Could not safely identify store assignment for repository candidate interface com.oligei.timemanagement.repository.UserNeo4jRepository. If you want this repository to be a JPA repository, consider annotating your entities with one of these annotations: javax.persistence.Entity, javax.persistence.MappedSuperclass (preferred), or consider extending one of the following types with your repository: org.springframework.data.jpa.repository.JpaRepository.
2020-12-12 21:56:44.669  INFO 30396 --- [main] .s.d.r.c.RepositoryConfigurationDelegate : Finished Spring Data repository scanning in 129ms. Found 2 JPA repository interfaces.
2020-12-12 21:56:44.676  INFO 30396 --- [main] .s.d.r.c.RepositoryConfigurationDelegate : Multiple Spring Data modules found, entering strict repository configuration mode!
2020-12-12 21:56:44.676  INFO 30396 --- [main] .s.d.r.c.RepositoryConfigurationDelegate : Bootstrapping Spring Data MongoDB repositories in DEFAULT mode.
2020-12-12 21:56:44.707  INFO 30396 --- [main] .RepositoryConfigurationExtensionSupport : Spring Data MongoDB - Could not safely identify store assignment for repository candidate interface com.oligei.timemanagement.repository.AskNeo4jRepository. If you want this repository to be a MongoDB repository, consider annotating your entities with one of these annotations: org.springframework.data.mongodb.core.mapping.Document (preferred), or consider extending one of the following types with your repository: org.springframework.data.mongodb.repository.MongoRepository.
2020-12-12 21:56:44.709  INFO 30396 --- [main] .RepositoryConfigurationExtensionSupport : Spring Data MongoDB - Could not safely identify store assignment for repository candidate interface com.oligei.timemanagement.repository.DetailRepository. If you want this repository to be a MongoDB repository, consider annotating your entities with one of these annotations: org.springframework.data.mongodb.core.mapping.Document (preferred), or consider extending one of the following types with your repository: org.springframework.data.mongodb.repository.MongoRepository.
2020-12-12 21:56:44.710  INFO 30396 --- [main] .RepositoryConfigurationExtensionSupport : Spring Data MongoDB - Could not safely identify store assignment for repository candidate interface com.oligei.timemanagement.repository.FollowNeo4jRepository. If you want this repository to be a MongoDB repository, consider annotating your entities with one of these annotations: org.springframework.data.mongodb.core.mapping.Document (preferred), or consider extending one of the following types with your repository: org.springframework.data.mongodb.repository.MongoRepository.
2020-12-12 21:56:44.710  INFO 30396 --- [main] .RepositoryConfigurationExtensionSupport : Spring Data MongoDB - Could not safely identify store assignment for repository candidate interface com.oligei.timemanagement.repository.SetNeo4jRepository. If you want this repository to be a MongoDB repository, consider annotating your entities with one of these annotations: org.springframework.data.mongodb.core.mapping.Document (preferred), or consider extending one of the following types with your repository: org.springframework.data.mongodb.repository.MongoRepository.
2020-12-12 21:56:44.711  INFO 30396 --- [main] .RepositoryConfigurationExtensionSupport : Spring Data MongoDB - Could not safely identify store assignment for repository candidate interface com.oligei.timemanagement.repository.UserNeo4jRepository. If you want this repository to be a MongoDB repository, consider annotating your entities with one of these annotations: org.springframework.data.mongodb.core.mapping.Document (preferred), or consider extending one of the following types with your repository: org.springframework.data.mongodb.repository.MongoRepository.
2020-12-12 21:56:44.713  INFO 30396 --- [main] .RepositoryConfigurationExtensionSupport : Spring Data MongoDB - Could not safely identify store assignment for repository candidate interface com.oligei.timemanagement.repository.UserRepository. If you want this repository to be a MongoDB repository, consider annotating your entities with one of these annotations: org.springframework.data.mongodb.core.mapping.Document (preferred), or consider extending one of the following types with your repository: org.springframework.data.mongodb.repository.MongoRepository.
2020-12-12 21:56:44.733  INFO 30396 --- [main] .s.d.r.c.RepositoryConfigurationDelegate : Finished Spring Data repository scanning in 56ms. Found 1 MongoDB repository interfaces.
2020-12-12 21:56:44.739  INFO 30396 --- [main] .s.d.r.c.RepositoryConfigurationDelegate : Multiple Spring Data modules found, entering strict repository configuration mode!
2020-12-12 21:56:44.739  INFO 30396 --- [main] .s.d.r.c.RepositoryConfigurationDelegate : Bootstrapping Spring Data Neo4j repositories in DEFAULT mode.
2020-12-12 21:56:44.784  INFO 30396 --- [main] .RepositoryConfigurationExtensionSupport : Spring Data Neo4j - Could not safely identify store assignment for repository candidate interface com.oligei.timemanagement.repository.DetailRepository. If you want this repository to be a Neo4j repository, consider annotating your entities with one of these annotations: org.neo4j.ogm.annotation.NodeEntity, org.neo4j.ogm.annotation.RelationshipEntity (preferred), or consider extending one of the following types with your repository: org.springframework.data.neo4j.repository.Neo4jRepository.
2020-12-12 21:56:44.785  INFO 30396 --- [main] .RepositoryConfigurationExtensionSupport : Spring Data Neo4j - Could not safely identify store assignment for repository candidate interface com.oligei.timemanagement.repository.UserMongoDBRepository. If you want this repository to be a Neo4j repository, consider annotating your entities with one of these annotations: org.neo4j.ogm.annotation.NodeEntity, org.neo4j.ogm.annotation.RelationshipEntity (preferred), or consider extending one of the following types with your repository: org.springframework.data.neo4j.repository.Neo4jRepository.
2020-12-12 21:56:44.786  INFO 30396 --- [main] .RepositoryConfigurationExtensionSupport : Spring Data Neo4j - Could not safely identify store assignment for repository candidate interface com.oligei.timemanagement.repository.UserRepository. If you want this repository to be a Neo4j repository, consider annotating your entities with one of these annotations: org.neo4j.ogm.annotation.NodeEntity, org.neo4j.ogm.annotation.RelationshipEntity (preferred), or consider extending one of the following types with your repository: org.springframework.data.neo4j.repository.Neo4jRepository.
2020-12-12 21:56:44.811  INFO 30396 --- [main] .s.d.r.c.RepositoryConfigurationDelegate : Finished Spring Data repository scanning in 60ms. Found 4 Neo4j repository interfaces.
2020-12-12 21:56:45.332  INFO 30396 --- [main] o.s.b.w.embedded.tomcat.TomcatWebServer  : Tomcat initialized with port(s): 1111 (http)
2020-12-12 21:56:45.341  INFO 30396 --- [main] o.apache.catalina.core.StandardService   : Starting service [Tomcat]
2020-12-12 21:56:45.341  INFO 30396 --- [main] org.apache.catalina.core.StandardEngine  : Starting Servlet engine: [Apache Tomcat/9.0.38]
2020-12-12 21:56:45.343  INFO 30396 --- [main] o.a.catalina.core.AprLifecycleListener   : Loaded Apache Tomcat Native library [1.2.23] using APR version [1.7.0].
2020-12-12 21:56:45.343  INFO 30396 --- [main] o.a.catalina.core.AprLifecycleListener   : APR capabilities: IPv6 [true], sendfile [true], accept filters [false], random [true].
2020-12-12 21:56:45.343  INFO 30396 --- [main] o.a.catalina.core.AprLifecycleListener   : APR/OpenSSL configuration: useAprConnector [false], useOpenSSL [true]
2020-12-12 21:56:45.346  INFO 30396 --- [main] o.a.catalina.core.AprLifecycleListener   : OpenSSL successfully initialized [OpenSSL 1.1.1c  28 May 2019]
2020-12-12 21:56:45.575  INFO 30396 --- [main] o.a.c.c.C.[Tomcat].[localhost].[/]       : Initializing Spring embedded WebApplicationContext
2020-12-12 21:56:45.575  INFO 30396 --- [main] w.s.c.ServletWebServerApplicationContext : Root WebApplicationContext: initialization completed in 2084 ms
2020-12-12 21:56:45.832  INFO 30396 --- [main] o.s.s.concurrent.ThreadPoolTaskExecutor  : Initializing ExecutorService 'applicationTaskExecutor'
2020-12-12 21:56:46.024  INFO 30396 --- [main] org.mongodb.driver.cluster               : Cluster created with settings {hosts=[47.100.88.133:27017], mode=SINGLE, requiredClusterType=UNKNOWN, serverSelectionTimeout='30000 ms'}
2020-12-12 21:56:46.175  INFO 30396 --- [task-1] com.zaxxer.hikari.HikariDataSource       : HikariPool-1 - Starting...
2020-12-12 21:56:46.253  INFO 30396 --- [cluster-ClusterId{value='5fd4cc1e5a0b611f2eee1a36', description='null'}-47.100.88.133:27017] org.mongodb.driver.connection            : Opened connection [connectionId{localValue:1, serverValue:677}] to 47.100.88.133:27017
2020-12-12 21:56:46.294  INFO 30396 --- [cluster-ClusterId{value='5fd4cc1e5a0b611f2eee1a36', description='null'}-47.100.88.133:27017] org.mongodb.driver.cluster               : Monitor thread successfully connected to server with description ServerDescription{address=47.100.88.133:27017, type=STANDALONE, state=CONNECTED, ok=true, minWireVersion=0, maxWireVersion=9, maxDocumentSize=16777216, logicalSessionTimeoutMinutes=30, roundTripTimeNanos=39676100}
2020-12-12 21:56:46.905  INFO 30396 --- [main] org.neo4j.ogm.metadata.DomainInfo        : Starting Post-processing phase
2020-12-12 21:56:46.906  INFO 30396 --- [main] org.neo4j.ogm.metadata.DomainInfo        : Building byLabel lookup maps
2020-12-12 21:56:46.906  INFO 30396 --- [main] org.neo4j.ogm.metadata.DomainInfo        : Building interface class map for 51 classes
2020-12-12 21:56:46.919  INFO 30396 --- [main] org.neo4j.ogm.metadata.DomainInfo        : Post-processing complete
2020-12-12 21:56:46.956  INFO 30396 --- [main] o.s.d.neo4j.mapping.Neo4jMappingContext  : Neo4jMappingContext initialisation completed
2020-12-12 21:56:47.094  WARN 30396 --- [main] JpaBaseConfiguration$JpaWebConfiguration : spring.jpa.open-in-view is enabled by default. Therefore, database queries may be performed during view rendering. Explicitly configure spring.jpa.open-in-view to disable this warning
2020-12-12 21:56:47.374  INFO 30396 --- [task-1] com.zaxxer.hikari.HikariDataSource       : HikariPool-1 - Start completed.
2020-12-12 21:56:48.122  INFO 30396 --- [task-1] j.LocalContainerEntityManagerFactoryBean : Initialized JPA EntityManagerFactory for persistence unit 'default'
2020-12-12 21:56:48.239  INFO 30396 --- [main] o.s.b.a.e.web.EndpointLinksResolver      : Exposing 2 endpoint(s) beneath base path '/actuator'
2020-12-12 21:56:48.804  INFO 30396 --- [main] o.s.b.w.embedded.tomcat.TomcatWebServer  : Tomcat started on port(s): 1111 (http) with context path ''
2020-12-12 21:56:48.805  INFO 30396 --- [main] DeferredRepositoryInitializationListener : Triggering deferred initialization of Spring Data repositories…
2020-12-12 21:56:48.952  INFO 30396 --- [main] DeferredRepositoryInitializationListener : Spring Data repositories initialized!
2020-12-12 21:56:48.965  INFO 30396 --- [main] c.o.t.TimemanagementApplication          : Started TimemanagementApplication in 6.059 seconds (JVM running for 7.827)
2020-12-12 21:57:28.717  INFO 30396 --- [http-nio-1111-exec-1] o.a.c.c.C.[Tomcat].[localhost].[/]       : Initializing Spring DispatcherServlet 'dispatcherServlet'
2020-12-12 21:57:28.717  INFO 30396 --- [http-nio-1111-exec-1] o.s.web.servlet.DispatcherServlet        : Initializing Servlet 'dispatcherServlet'
2020-12-12 21:57:28.725  INFO 30396 --- [http-nio-1111-exec-1] o.s.web.servlet.DispatcherServlet        : Completed initialization in 7 ms
2020-12-12 21:57:29.929  INFO 30396 --- [http-nio-1111-exec-1] org.mongodb.driver.connection            : Opened connection [connectionId{localValue:2, serverValue:678}] to 47.100.88.133:27017
2020-12-12 21:57:30.150  INFO 30396 --- [http-nio-1111-exec-1] Driver                                   : Direct driver instance 825965792 created for server address 47.100.88.133:7687
2020-12-12 22:04:36.457  INFO 1372 --- [main] c.o.t.TimemanagementApplication          : Starting TimemanagementApplication on LAPTOP-DTCCADIQ with PID 1372 (C:\Users\ziliuziliu\Desktop\ASSIGNMENTS\Grade3\TimeManagement\TimeManagementBackend\target\classes started by ziliuziliu in C:\Users\ziliuziliu\Desktop\ASSIGNMENTS\Grade3\TimeManagement\TimeManagementBackend)
2020-12-12 22:04:36.461  INFO 1372 --- [main] c.o.t.TimemanagementApplication          : No active profile set, falling back to default profiles: default
2020-12-12 22:04:37.556  INFO 1372 --- [main] .s.d.r.c.RepositoryConfigurationDelegate : Multiple Spring Data modules found, entering strict repository configuration mode!
2020-12-12 22:04:37.556  INFO 1372 --- [main] .s.d.r.c.RepositoryConfigurationDelegate : Bootstrapping Spring Data JPA repositories in DEFERRED mode.
2020-12-12 22:04:37.632  INFO 1372 --- [main] .RepositoryConfigurationExtensionSupport : Spring Data JPA - Could not safely identify store assignment for repository candidate interface com.oligei.timemanagement.repository.AskNeo4jRepository. If you want this repository to be a JPA repository, consider annotating your entities with one of these annotations: javax.persistence.Entity, javax.persistence.MappedSuperclass (preferred), or consider extending one of the following types with your repository: org.springframework.data.jpa.repository.JpaRepository.
2020-12-12 22:04:37.645  INFO 1372 --- [main] .RepositoryConfigurationExtensionSupport : Spring Data JPA - Could not safely identify store assignment for repository candidate interface com.oligei.timemanagement.repository.FollowNeo4jRepository. If you want this repository to be a JPA repository, consider annotating your entities with one of these annotations: javax.persistence.Entity, javax.persistence.MappedSuperclass (preferred), or consider extending one of the following types with your repository: org.springframework.data.jpa.repository.JpaRepository.
2020-12-12 22:04:37.648  INFO 1372 --- [main] .RepositoryConfigurationExtensionSupport : Spring Data JPA - Could not safely identify store assignment for repository candidate interface com.oligei.timemanagement.repository.SetNeo4jRepository. If you want this repository to be a JPA repository, consider annotating your entities with one of these annotations: javax.persistence.Entity, javax.persistence.MappedSuperclass (preferred), or consider extending one of the following types with your repository: org.springframework.data.jpa.repository.JpaRepository.
2020-12-12 22:04:37.652  INFO 1372 --- [main] .RepositoryConfigurationExtensionSupport : Spring Data JPA - Could not safely identify store assignment for repository candidate interface com.oligei.timemanagement.repository.UserMongoDBRepository. If you want this repository to be a JPA repository, consider annotating your entities with one of these annotations: javax.persistence.Entity, javax.persistence.MappedSuperclass (preferred), or consider extending one of the following types with your repository: org.springframework.data.jpa.repository.JpaRepository.
2020-12-12 22:04:37.656  INFO 1372 --- [main] .RepositoryConfigurationExtensionSupport : Spring Data JPA - Could not safely identify store assignment for repository candidate interface com.oligei.timemanagement.repository.UserNeo4jRepository. If you want this repository to be a JPA repository, consider annotating your entities with one of these annotations: javax.persistence.Entity, javax.persistence.MappedSuperclass (preferred), or consider extending one of the following types with your repository: org.springframework.data.jpa.repository.JpaRepository.
2020-12-12 22:04:37.697  INFO 1372 --- [main] .s.d.r.c.RepositoryConfigurationDelegate : Finished Spring Data repository scanning in 133ms. Found 2 JPA repository interfaces.
2020-12-12 22:04:37.704  INFO 1372 --- [main] .s.d.r.c.RepositoryConfigurationDelegate : Multiple Spring Data modules found, entering strict repository configuration mode!
2020-12-12 22:04:37.704  INFO 1372 --- [main] .s.d.r.c.RepositoryConfigurationDelegate : Bootstrapping Spring Data MongoDB repositories in DEFAULT mode.
2020-12-12 22:04:37.735  INFO 1372 --- [main] .RepositoryConfigurationExtensionSupport : Spring Data MongoDB - Could not safely identify store assignment for repository candidate interface com.oligei.timemanagement.repository.AskNeo4jRepository. If you want this repository to be a MongoDB repository, consider annotating your entities with one of these annotations: org.springframework.data.mongodb.core.mapping.Document (preferred), or consider extending one of the following types with your repository: org.springframework.data.mongodb.repository.MongoRepository.
2020-12-12 22:04:37.737  INFO 1372 --- [main] .RepositoryConfigurationExtensionSupport : Spring Data MongoDB - Could not safely identify store assignment for repository candidate interface com.oligei.timemanagement.repository.DetailRepository. If you want this repository to be a MongoDB repository, consider annotating your entities with one of these annotations: org.springframework.data.mongodb.core.mapping.Document (preferred), or consider extending one of the following types with your repository: org.springframework.data.mongodb.repository.MongoRepository.
2020-12-12 22:04:37.738  INFO 1372 --- [main] .RepositoryConfigurationExtensionSupport : Spring Data MongoDB - Could not safely identify store assignment for repository candidate interface com.oligei.timemanagement.repository.FollowNeo4jRepository. If you want this repository to be a MongoDB repository, consider annotating your entities with one of these annotations: org.springframework.data.mongodb.core.mapping.Document (preferred), or consider extending one of the following types with your repository: org.springframework.data.mongodb.repository.MongoRepository.
2020-12-12 22:04:37.738  INFO 1372 --- [main] .RepositoryConfigurationExtensionSupport : Spring Data MongoDB - Could not safely identify store assignment for repository candidate interface com.oligei.timemanagement.repository.SetNeo4jRepository. If you want this repository to be a MongoDB repository, consider annotating your entities with one of these annotations: org.springframework.data.mongodb.core.mapping.Document (preferred), or consider extending one of the following types with your repository: org.springframework.data.mongodb.repository.MongoRepository.
2020-12-12 22:04:37.740  INFO 1372 --- [main] .RepositoryConfigurationExtensionSupport : Spring Data MongoDB - Could not safely identify store assignment for repository candidate interface com.oligei.timemanagement.repository.UserNeo4jRepository. If you want this repository to be a MongoDB repository, consider annotating your entities with one of these annotations: org.springframework.data.mongodb.core.mapping.Document (preferred), or consider extending one of the following types with your repository: org.springframework.data.mongodb.repository.MongoRepository.
2020-12-12 22:04:37.741  INFO 1372 --- [main] .RepositoryConfigurationExtensionSupport : Spring Data MongoDB - Could not safely identify store assignment for repository candidate interface com.oligei.timemanagement.repository.UserRepository. If you want this repository to be a MongoDB repository, consider annotating your entities with one of these annotations: org.springframework.data.mongodb.core.mapping.Document (preferred), or consider extending one of the following types with your repository: org.springframework.data.mongodb.repository.MongoRepository.
2020-12-12 22:04:37.762  INFO 1372 --- [main] .s.d.r.c.RepositoryConfigurationDelegate : Finished Spring Data repository scanning in 57ms. Found 1 MongoDB repository interfaces.
2020-12-12 22:04:37.769  INFO 1372 --- [main] .s.d.r.c.RepositoryConfigurationDelegate : Multiple Spring Data modules found, entering strict repository configuration mode!
2020-12-12 22:04:37.769  INFO 1372 --- [main] .s.d.r.c.RepositoryConfigurationDelegate : Bootstrapping Spring Data Neo4j repositories in DEFAULT mode.
2020-12-12 22:04:37.805  INFO 1372 --- [main] .RepositoryConfigurationExtensionSupport : Spring Data Neo4j - Could not safely identify store assignment for repository candidate interface com.oligei.timemanagement.repository.DetailRepository. If you want this repository to be a Neo4j repository, consider annotating your entities with one of these annotations: org.neo4j.ogm.annotation.NodeEntity, org.neo4j.ogm.annotation.RelationshipEntity (preferred), or consider extending one of the following types with your repository: org.springframework.data.neo4j.repository.Neo4jRepository.
2020-12-12 22:04:37.806  INFO 1372 --- [main] .RepositoryConfigurationExtensionSupport : Spring Data Neo4j - Could not safely identify store assignment for repository candidate interface com.oligei.timemanagement.repository.UserMongoDBRepository. If you want this repository to be a Neo4j repository, consider annotating your entities with one of these annotations: org.neo4j.ogm.annotation.NodeEntity, org.neo4j.ogm.annotation.RelationshipEntity (preferred), or consider extending one of the following types with your repository: org.springframework.data.neo4j.repository.Neo4jRepository.
2020-12-12 22:04:37.808  INFO 1372 --- [main] .RepositoryConfigurationExtensionSupport : Spring Data Neo4j - Could not safely identify store assignment for repository candidate interface com.oligei.timemanagement.repository.UserRepository. If you want this repository to be a Neo4j repository, consider annotating your entities with one of these annotations: org.neo4j.ogm.annotation.NodeEntity, org.neo4j.ogm.annotation.RelationshipEntity (preferred), or consider extending one of the following types with your repository: org.springframework.data.neo4j.repository.Neo4jRepository.
2020-12-12 22:04:37.841  INFO 1372 --- [main] .s.d.r.c.RepositoryConfigurationDelegate : Finished Spring Data repository scanning in 69ms. Found 4 Neo4j repository interfaces.
2020-12-12 22:04:38.386  INFO 1372 --- [main] o.s.b.w.embedded.tomcat.TomcatWebServer  : Tomcat initialized with port(s): 1111 (http)
2020-12-12 22:04:38.395  INFO 1372 --- [main] o.apache.catalina.core.StandardService   : Starting service [Tomcat]
2020-12-12 22:04:38.395  INFO 1372 --- [main] org.apache.catalina.core.StandardEngine  : Starting Servlet engine: [Apache Tomcat/9.0.38]
2020-12-12 22:04:38.397  INFO 1372 --- [main] o.a.catalina.core.AprLifecycleListener   : Loaded Apache Tomcat Native library [1.2.23] using APR version [1.7.0].
2020-12-12 22:04:38.397  INFO 1372 --- [main] o.a.catalina.core.AprLifecycleListener   : APR capabilities: IPv6 [true], sendfile [true], accept filters [false], random [true].
2020-12-12 22:04:38.397  INFO 1372 --- [main] o.a.catalina.core.AprLifecycleListener   : APR/OpenSSL configuration: useAprConnector [false], useOpenSSL [true]
2020-12-12 22:04:38.401  INFO 1372 --- [main] o.a.catalina.core.AprLifecycleListener   : OpenSSL successfully initialized [OpenSSL 1.1.1c  28 May 2019]
2020-12-12 22:04:38.613  INFO 1372 --- [main] o.a.c.c.C.[Tomcat].[localhost].[/]       : Initializing Spring embedded WebApplicationContext
2020-12-12 22:04:38.614  INFO 1372 --- [main] w.s.c.ServletWebServerApplicationContext : Root WebApplicationContext: initialization completed in 2102 ms
2020-12-12 22:04:38.882  INFO 1372 --- [main] o.s.s.concurrent.ThreadPoolTaskExecutor  : Initializing ExecutorService 'applicationTaskExecutor'
2020-12-12 22:04:39.083  INFO 1372 --- [main] org.mongodb.driver.cluster               : Cluster created with settings {hosts=[47.100.88.133:27017], mode=SINGLE, requiredClusterType=UNKNOWN, serverSelectionTimeout='30000 ms'}
2020-12-12 22:04:39.257  INFO 1372 --- [task-1] com.zaxxer.hikari.HikariDataSource       : HikariPool-1 - Starting...
2020-12-12 22:04:39.488  INFO 1372 --- [cluster-ClusterId{value='5fd4cdf7a6270b600903c617', description='null'}-47.100.88.133:27017] org.mongodb.driver.connection            : Opened connection [connectionId{localValue:1, serverValue:679}] to 47.100.88.133:27017
2020-12-12 22:04:39.582  INFO 1372 --- [cluster-ClusterId{value='5fd4cdf7a6270b600903c617', description='null'}-47.100.88.133:27017] org.mongodb.driver.cluster               : Monitor thread successfully connected to server with description ServerDescription{address=47.100.88.133:27017, type=STANDALONE, state=CONNECTED, ok=true, minWireVersion=0, maxWireVersion=9, maxDocumentSize=16777216, logicalSessionTimeoutMinutes=30, roundTripTimeNanos=91956800}
2020-12-12 22:04:39.978  INFO 1372 --- [main] org.neo4j.ogm.metadata.DomainInfo        : Starting Post-processing phase
2020-12-12 22:04:39.979  INFO 1372 --- [main] org.neo4j.ogm.metadata.DomainInfo        : Building byLabel lookup maps
2020-12-12 22:04:39.979  INFO 1372 --- [main] org.neo4j.ogm.metadata.DomainInfo        : Building interface class map for 51 classes
2020-12-12 22:04:39.992  INFO 1372 --- [main] org.neo4j.ogm.metadata.DomainInfo        : Post-processing complete
2020-12-12 22:04:40.031  INFO 1372 --- [main] o.s.d.neo4j.mapping.Neo4jMappingContext  : Neo4jMappingContext initialisation completed
2020-12-12 22:04:40.169  WARN 1372 --- [main] JpaBaseConfiguration$JpaWebConfiguration : spring.jpa.open-in-view is enabled by default. Therefore, database queries may be performed during view rendering. Explicitly configure spring.jpa.open-in-view to disable this warning
2020-12-12 22:04:40.363  INFO 1372 --- [task-1] com.zaxxer.hikari.HikariDataSource       : HikariPool-1 - Start completed.
2020-12-12 22:04:41.135  INFO 1372 --- [task-1] j.LocalContainerEntityManagerFactoryBean : Initialized JPA EntityManagerFactory for persistence unit 'default'
2020-12-12 22:04:41.352  INFO 1372 --- [main] o.s.b.a.e.web.EndpointLinksResolver      : Exposing 2 endpoint(s) beneath base path '/actuator'
2020-12-12 22:04:41.938  INFO 1372 --- [main] o.s.b.w.embedded.tomcat.TomcatWebServer  : Tomcat started on port(s): 1111 (http) with context path ''
2020-12-12 22:04:41.939  INFO 1372 --- [main] DeferredRepositoryInitializationListener : Triggering deferred initialization of Spring Data repositories…
2020-12-12 22:04:42.092  INFO 1372 --- [main] DeferredRepositoryInitializationListener : Spring Data repositories initialized!
2020-12-12 22:04:42.104  INFO 1372 --- [main] c.o.t.TimemanagementApplication          : Started TimemanagementApplication in 6.125 seconds (JVM running for 7.794)
2020-12-12 22:04:53.146  INFO 1372 --- [http-nio-1111-exec-2] o.a.c.c.C.[Tomcat].[localhost].[/]       : Initializing Spring DispatcherServlet 'dispatcherServlet'
2020-12-12 22:04:53.147  INFO 1372 --- [http-nio-1111-exec-2] o.s.web.servlet.DispatcherServlet        : Initializing Servlet 'dispatcherServlet'
2020-12-12 22:04:53.154  INFO 1372 --- [http-nio-1111-exec-2] o.s.web.servlet.DispatcherServlet        : Completed initialization in 7 ms
2020-12-12 22:04:53.311  INFO 1372 --- [http-nio-1111-exec-2] Driver                                   : Direct driver instance 357077997 created for server address 47.100.88.133:7687
2020-12-12 22:16:52.337  INFO 20724 --- [main] c.o.t.TimemanagementApplication          : Starting TimemanagementApplication on LAPTOP-DTCCADIQ with PID 20724 (C:\Users\ziliuziliu\Desktop\ASSIGNMENTS\Grade3\TimeManagement\TimeManagementBackend\target\classes started by ziliuziliu in C:\Users\ziliuziliu\Desktop\ASSIGNMENTS\Grade3\TimeManagement\TimeManagementBackend)
2020-12-12 22:16:52.341  INFO 20724 --- [main] c.o.t.TimemanagementApplication          : No active profile set, falling back to default profiles: default
2020-12-12 22:16:53.440  INFO 20724 --- [main] .s.d.r.c.RepositoryConfigurationDelegate : Multiple Spring Data modules found, entering strict repository configuration mode!
2020-12-12 22:16:53.440  INFO 20724 --- [main] .s.d.r.c.RepositoryConfigurationDelegate : Bootstrapping Spring Data JPA repositories in DEFERRED mode.
2020-12-12 22:16:53.514  INFO 20724 --- [main] .RepositoryConfigurationExtensionSupport : Spring Data JPA - Could not safely identify store assignment for repository candidate interface com.oligei.timemanagement.repository.AskNeo4jRepository. If you want this repository to be a JPA repository, consider annotating your entities with one of these annotations: javax.persistence.Entity, javax.persistence.MappedSuperclass (preferred), or consider extending one of the following types with your repository: org.springframework.data.jpa.repository.JpaRepository.
2020-12-12 22:16:53.529  INFO 20724 --- [main] .RepositoryConfigurationExtensionSupport : Spring Data JPA - Could not safely identify store assignment for repository candidate interface com.oligei.timemanagement.repository.FollowNeo4jRepository. If you want this repository to be a JPA repository, consider annotating your entities with one of these annotations: javax.persistence.Entity, javax.persistence.MappedSuperclass (preferred), or consider extending one of the following types with your repository: org.springframework.data.jpa.repository.JpaRepository.
2020-12-12 22:16:53.532  INFO 20724 --- [main] .RepositoryConfigurationExtensionSupport : Spring Data JPA - Could not safely identify store assignment for repository candidate interface com.oligei.timemanagement.repository.SetNeo4jRepository. If you want this repository to be a JPA repository, consider annotating your entities with one of these annotations: javax.persistence.Entity, javax.persistence.MappedSuperclass (preferred), or consider extending one of the following types with your repository: org.springframework.data.jpa.repository.JpaRepository.
2020-12-12 22:16:53.536  INFO 20724 --- [main] .RepositoryConfigurationExtensionSupport : Spring Data JPA - Could not safely identify store assignment for repository candidate interface com.oligei.timemanagement.repository.UserMongoDBRepository. If you want this repository to be a JPA repository, consider annotating your entities with one of these annotations: javax.persistence.Entity, javax.persistence.MappedSuperclass (preferred), or consider extending one of the following types with your repository: org.springframework.data.jpa.repository.JpaRepository.
2020-12-12 22:16:53.540  INFO 20724 --- [main] .RepositoryConfigurationExtensionSupport : Spring Data JPA - Could not safely identify store assignment for repository candidate interface com.oligei.timemanagement.repository.UserNeo4jRepository. If you want this repository to be a JPA repository, consider annotating your entities with one of these annotations: javax.persistence.Entity, javax.persistence.MappedSuperclass (preferred), or consider extending one of the following types with your repository: org.springframework.data.jpa.repository.JpaRepository.
2020-12-12 22:16:53.581  INFO 20724 --- [main] .s.d.r.c.RepositoryConfigurationDelegate : Finished Spring Data repository scanning in 131ms. Found 2 JPA repository interfaces.
2020-12-12 22:16:53.587  INFO 20724 --- [main] .s.d.r.c.RepositoryConfigurationDelegate : Multiple Spring Data modules found, entering strict repository configuration mode!
2020-12-12 22:16:53.588  INFO 20724 --- [main] .s.d.r.c.RepositoryConfigurationDelegate : Bootstrapping Spring Data MongoDB repositories in DEFAULT mode.
2020-12-12 22:16:53.618  INFO 20724 --- [main] .RepositoryConfigurationExtensionSupport : Spring Data MongoDB - Could not safely identify store assignment for repository candidate interface com.oligei.timemanagement.repository.AskNeo4jRepository. If you want this repository to be a MongoDB repository, consider annotating your entities with one of these annotations: org.springframework.data.mongodb.core.mapping.Document (preferred), or consider extending one of the following types with your repository: org.springframework.data.mongodb.repository.MongoRepository.
2020-12-12 22:16:53.619  INFO 20724 --- [main] .RepositoryConfigurationExtensionSupport : Spring Data MongoDB - Could not safely identify store assignment for repository candidate interface com.oligei.timemanagement.repository.DetailRepository. If you want this repository to be a MongoDB repository, consider annotating your entities with one of these annotations: org.springframework.data.mongodb.core.mapping.Document (preferred), or consider extending one of the following types with your repository: org.springframework.data.mongodb.repository.MongoRepository.
2020-12-12 22:16:53.619  INFO 20724 --- [main] .RepositoryConfigurationExtensionSupport : Spring Data MongoDB - Could not safely identify store assignment for repository candidate interface com.oligei.timemanagement.repository.FollowNeo4jRepository. If you want this repository to be a MongoDB repository, consider annotating your entities with one of these annotations: org.springframework.data.mongodb.core.mapping.Document (preferred), or consider extending one of the following types with your repository: org.springframework.data.mongodb.repository.MongoRepository.
2020-12-12 22:16:53.621  INFO 20724 --- [main] .RepositoryConfigurationExtensionSupport : Spring Data MongoDB - Could not safely identify store assignment for repository candidate interface com.oligei.timemanagement.repository.SetNeo4jRepository. If you want this repository to be a MongoDB repository, consider annotating your entities with one of these annotations: org.springframework.data.mongodb.core.mapping.Document (preferred), or consider extending one of the following types with your repository: org.springframework.data.mongodb.repository.MongoRepository.
2020-12-12 22:16:53.622  INFO 20724 --- [main] .RepositoryConfigurationExtensionSupport : Spring Data MongoDB - Could not safely identify store assignment for repository candidate interface com.oligei.timemanagement.repository.UserNeo4jRepository. If you want this repository to be a MongoDB repository, consider annotating your entities with one of these annotations: org.springframework.data.mongodb.core.mapping.Document (preferred), or consider extending one of the following types with your repository: org.springframework.data.mongodb.repository.MongoRepository.
2020-12-12 22:16:53.622  INFO 20724 --- [main] .RepositoryConfigurationExtensionSupport : Spring Data MongoDB - Could not safely identify store assignment for repository candidate interface com.oligei.timemanagement.repository.UserRepository. If you want this repository to be a MongoDB repository, consider annotating your entities with one of these annotations: org.springframework.data.mongodb.core.mapping.Document (preferred), or consider extending one of the following types with your repository: org.springframework.data.mongodb.repository.MongoRepository.
2020-12-12 22:16:53.642  INFO 20724 --- [main] .s.d.r.c.RepositoryConfigurationDelegate : Finished Spring Data repository scanning in 54ms. Found 1 MongoDB repository interfaces.
2020-12-12 22:16:53.647  INFO 20724 --- [main] .s.d.r.c.RepositoryConfigurationDelegate : Multiple Spring Data modules found, entering strict repository configuration mode!
2020-12-12 22:16:53.647  INFO 20724 --- [main] .s.d.r.c.RepositoryConfigurationDelegate : Bootstrapping Spring Data Neo4j repositories in DEFAULT mode.
2020-12-12 22:16:53.683  INFO 20724 --- [main] .RepositoryConfigurationExtensionSupport : Spring Data Neo4j - Could not safely identify store assignment for repository candidate interface com.oligei.timemanagement.repository.DetailRepository. If you want this repository to be a Neo4j repository, consider annotating your entities with one of these annotations: org.neo4j.ogm.annotation.NodeEntity, org.neo4j.ogm.annotation.RelationshipEntity (preferred), or consider extending one of the following types with your repository: org.springframework.data.neo4j.repository.Neo4jRepository.
2020-12-12 22:16:53.684  INFO 20724 --- [main] .RepositoryConfigurationExtensionSupport : Spring Data Neo4j - Could not safely identify store assignment for repository candidate interface com.oligei.timemanagement.repository.UserMongoDBRepository. If you want this repository to be a Neo4j repository, consider annotating your entities with one of these annotations: org.neo4j.ogm.annotation.NodeEntity, org.neo4j.ogm.annotation.RelationshipEntity (preferred), or consider extending one of the following types with your repository: org.springframework.data.neo4j.repository.Neo4jRepository.
2020-12-12 22:16:53.685  INFO 20724 --- [main] .RepositoryConfigurationExtensionSupport : Spring Data Neo4j - Could not safely identify store assignment for repository candidate interface com.oligei.timemanagement.repository.UserRepository. If you want this repository to be a Neo4j repository, consider annotating your entities with one of these annotations: org.neo4j.ogm.annotation.NodeEntity, org.neo4j.ogm.annotation.RelationshipEntity (preferred), or consider extending one of the following types with your repository: org.springframework.data.neo4j.repository.Neo4jRepository.
2020-12-12 22:16:53.712  INFO 20724 --- [main] .s.d.r.c.RepositoryConfigurationDelegate : Finished Spring Data repository scanning in 61ms. Found 4 Neo4j repository interfaces.
2020-12-12 22:16:54.243  INFO 20724 --- [main] o.s.b.w.embedded.tomcat.TomcatWebServer  : Tomcat initialized with port(s): 1111 (http)
2020-12-12 22:16:54.255  INFO 20724 --- [main] o.apache.catalina.core.StandardService   : Starting service [Tomcat]
2020-12-12 22:16:54.255  INFO 20724 --- [main] org.apache.catalina.core.StandardEngine  : Starting Servlet engine: [Apache Tomcat/9.0.38]
2020-12-12 22:16:54.257  INFO 20724 --- [main] o.a.catalina.core.AprLifecycleListener   : Loaded Apache Tomcat Native library [1.2.23] using APR version [1.7.0].
2020-12-12 22:16:54.257  INFO 20724 --- [main] o.a.catalina.core.AprLifecycleListener   : APR capabilities: IPv6 [true], sendfile [true], accept filters [false], random [true].
2020-12-12 22:16:54.257  INFO 20724 --- [main] o.a.catalina.core.AprLifecycleListener   : APR/OpenSSL configuration: useAprConnector [false], useOpenSSL [true]
2020-12-12 22:16:54.261  INFO 20724 --- [main] o.a.catalina.core.AprLifecycleListener   : OpenSSL successfully initialized [OpenSSL 1.1.1c  28 May 2019]
2020-12-12 22:16:54.469  INFO 20724 --- [main] o.a.c.c.C.[Tomcat].[localhost].[/]       : Initializing Spring embedded WebApplicationContext
2020-12-12 22:16:54.469  INFO 20724 --- [main] w.s.c.ServletWebServerApplicationContext : Root WebApplicationContext: initialization completed in 2076 ms
2020-12-12 22:16:54.730  INFO 20724 --- [main] o.s.s.concurrent.ThreadPoolTaskExecutor  : Initializing ExecutorService 'applicationTaskExecutor'
2020-12-12 22:16:54.932  INFO 20724 --- [main] org.mongodb.driver.cluster               : Cluster created with settings {hosts=[47.100.88.133:27017], mode=SINGLE, requiredClusterType=UNKNOWN, serverSelectionTimeout='30000 ms'}
2020-12-12 22:16:55.054  INFO 20724 --- [cluster-ClusterId{value='5fd4d0d6f2ed613862cb424c', description='null'}-47.100.88.133:27017] org.mongodb.driver.connection            : Opened connection [connectionId{localValue:1, serverValue:680}] to 47.100.88.133:27017
2020-12-12 22:16:55.094  INFO 20724 --- [cluster-ClusterId{value='5fd4d0d6f2ed613862cb424c', description='null'}-47.100.88.133:27017] org.mongodb.driver.cluster               : Monitor thread successfully connected to server with description ServerDescription{address=47.100.88.133:27017, type=STANDALONE, state=CONNECTED, ok=true, minWireVersion=0, maxWireVersion=9, maxDocumentSize=16777216, logicalSessionTimeoutMinutes=30, roundTripTimeNanos=35929300}
2020-12-12 22:16:55.104  INFO 20724 --- [task-1] com.zaxxer.hikari.HikariDataSource       : HikariPool-1 - Starting...
2020-12-12 22:16:55.886  INFO 20724 --- [main] org.neo4j.ogm.metadata.DomainInfo        : Starting Post-processing phase
2020-12-12 22:16:55.886  INFO 20724 --- [main] org.neo4j.ogm.metadata.DomainInfo        : Building byLabel lookup maps
2020-12-12 22:16:55.887  INFO 20724 --- [main] org.neo4j.ogm.metadata.DomainInfo        : Building interface class map for 51 classes
2020-12-12 22:16:55.899  INFO 20724 --- [main] org.neo4j.ogm.metadata.DomainInfo        : Post-processing complete
2020-12-12 22:16:55.940  INFO 20724 --- [main] o.s.d.neo4j.mapping.Neo4jMappingContext  : Neo4jMappingContext initialisation completed
2020-12-12 22:16:56.089  WARN 20724 --- [main] JpaBaseConfiguration$JpaWebConfiguration : spring.jpa.open-in-view is enabled by default. Therefore, database queries may be performed during view rendering. Explicitly configure spring.jpa.open-in-view to disable this warning
2020-12-12 22:16:56.255  INFO 20724 --- [task-1] com.zaxxer.hikari.HikariDataSource       : HikariPool-1 - Start completed.
2020-12-12 22:16:57.341  INFO 20724 --- [task-1] j.LocalContainerEntityManagerFactoryBean : Initialized JPA EntityManagerFactory for persistence unit 'default'
2020-12-12 22:16:57.466  INFO 20724 --- [main] o.s.b.a.e.web.EndpointLinksResolver      : Exposing 2 endpoint(s) beneath base path '/actuator'
2020-12-12 22:16:57.988  INFO 20724 --- [main] o.s.b.w.embedded.tomcat.TomcatWebServer  : Tomcat started on port(s): 1111 (http) with context path ''
2020-12-12 22:16:57.990  INFO 20724 --- [main] DeferredRepositoryInitializationListener : Triggering deferred initialization of Spring Data repositories…
2020-12-12 22:16:58.140  INFO 20724 --- [main] DeferredRepositoryInitializationListener : Spring Data repositories initialized!
2020-12-12 22:16:58.152  INFO 20724 --- [main] c.o.t.TimemanagementApplication          : Started TimemanagementApplication in 6.25 seconds (JVM running for 7.898)
2020-12-12 22:17:37.853  INFO 20724 --- [http-nio-1111-exec-2] o.a.c.c.C.[Tomcat].[localhost].[/]       : Initializing Spring DispatcherServlet 'dispatcherServlet'
2020-12-12 22:17:37.854  INFO 20724 --- [http-nio-1111-exec-2] o.s.web.servlet.DispatcherServlet        : Initializing Servlet 'dispatcherServlet'
2020-12-12 22:17:37.862  INFO 20724 --- [http-nio-1111-exec-2] o.s.web.servlet.DispatcherServlet        : Completed initialization in 8 ms
2020-12-12 22:17:38.018  INFO 20724 --- [http-nio-1111-exec-2] Driver                                   : Direct driver instance 168203821 created for server address 47.100.88.133:7687
2020-12-12 22:33:04.897  INFO 2124 --- [main] c.o.t.TimemanagementApplication          : Starting TimemanagementApplication on LAPTOP-DTCCADIQ with PID 2124 (C:\Users\ziliuziliu\Desktop\ASSIGNMENTS\Grade3\TimeManagement\TimeManagementBackend\target\classes started by ziliuziliu in C:\Users\ziliuziliu\Desktop\ASSIGNMENTS\Grade3\TimeManagement\TimeManagementBackend)
2020-12-12 22:33:04.901  INFO 2124 --- [main] c.o.t.TimemanagementApplication          : No active profile set, falling back to default profiles: default
2020-12-12 22:33:06.007  INFO 2124 --- [main] .s.d.r.c.RepositoryConfigurationDelegate : Multiple Spring Data modules found, entering strict repository configuration mode!
2020-12-12 22:33:06.008  INFO 2124 --- [main] .s.d.r.c.RepositoryConfigurationDelegate : Bootstrapping Spring Data JPA repositories in DEFERRED mode.
2020-12-12 22:33:06.081  INFO 2124 --- [main] .RepositoryConfigurationExtensionSupport : Spring Data JPA - Could not safely identify store assignment for repository candidate interface com.oligei.timemanagement.repository.AskNeo4jRepository. If you want this repository to be a JPA repository, consider annotating your entities with one of these annotations: javax.persistence.Entity, javax.persistence.MappedSuperclass (preferred), or consider extending one of the following types with your repository: org.springframework.data.jpa.repository.JpaRepository.
2020-12-12 22:33:06.093  INFO 2124 --- [main] .RepositoryConfigurationExtensionSupport : Spring Data JPA - Could not safely identify store assignment for repository candidate interface com.oligei.timemanagement.repository.FollowNeo4jRepository. If you want this repository to be a JPA repository, consider annotating your entities with one of these annotations: javax.persistence.Entity, javax.persistence.MappedSuperclass (preferred), or consider extending one of the following types with your repository: org.springframework.data.jpa.repository.JpaRepository.
2020-12-12 22:33:06.096  INFO 2124 --- [main] .RepositoryConfigurationExtensionSupport : Spring Data JPA - Could not safely identify store assignment for repository candidate interface com.oligei.timemanagement.repository.SetNeo4jRepository. If you want this repository to be a JPA repository, consider annotating your entities with one of these annotations: javax.persistence.Entity, javax.persistence.MappedSuperclass (preferred), or consider extending one of the following types with your repository: org.springframework.data.jpa.repository.JpaRepository.
2020-12-12 22:33:06.100  INFO 2124 --- [main] .RepositoryConfigurationExtensionSupport : Spring Data JPA - Could not safely identify store assignment for repository candidate interface com.oligei.timemanagement.repository.UserMongoDBRepository. If you want this repository to be a JPA repository, consider annotating your entities with one of these annotations: javax.persistence.Entity, javax.persistence.MappedSuperclass (preferred), or consider extending one of the following types with your repository: org.springframework.data.jpa.repository.JpaRepository.
2020-12-12 22:33:06.105  INFO 2124 --- [main] .RepositoryConfigurationExtensionSupport : Spring Data JPA - Could not safely identify store assignment for repository candidate interface com.oligei.timemanagement.repository.UserNeo4jRepository. If you want this repository to be a JPA repository, consider annotating your entities with one of these annotations: javax.persistence.Entity, javax.persistence.MappedSuperclass (preferred), or consider extending one of the following types with your repository: org.springframework.data.jpa.repository.JpaRepository.
2020-12-12 22:33:06.145  INFO 2124 --- [main] .s.d.r.c.RepositoryConfigurationDelegate : Finished Spring Data repository scanning in 130ms. Found 2 JPA repository interfaces.
2020-12-12 22:33:06.152  INFO 2124 --- [main] .s.d.r.c.RepositoryConfigurationDelegate : Multiple Spring Data modules found, entering strict repository configuration mode!
2020-12-12 22:33:06.152  INFO 2124 --- [main] .s.d.r.c.RepositoryConfigurationDelegate : Bootstrapping Spring Data MongoDB repositories in DEFAULT mode.
2020-12-12 22:33:06.183  INFO 2124 --- [main] .RepositoryConfigurationExtensionSupport : Spring Data MongoDB - Could not safely identify store assignment for repository candidate interface com.oligei.timemanagement.repository.AskNeo4jRepository. If you want this repository to be a MongoDB repository, consider annotating your entities with one of these annotations: org.springframework.data.mongodb.core.mapping.Document (preferred), or consider extending one of the following types with your repository: org.springframework.data.mongodb.repository.MongoRepository.
2020-12-12 22:33:06.184  INFO 2124 --- [main] .RepositoryConfigurationExtensionSupport : Spring Data MongoDB - Could not safely identify store assignment for repository candidate interface com.oligei.timemanagement.repository.DetailRepository. If you want this repository to be a MongoDB repository, consider annotating your entities with one of these annotations: org.springframework.data.mongodb.core.mapping.Document (preferred), or consider extending one of the following types with your repository: org.springframework.data.mongodb.repository.MongoRepository.
2020-12-12 22:33:06.185  INFO 2124 --- [main] .RepositoryConfigurationExtensionSupport : Spring Data MongoDB - Could not safely identify store assignment for repository candidate interface com.oligei.timemanagement.repository.FollowNeo4jRepository. If you want this repository to be a MongoDB repository, consider annotating your entities with one of these annotations: org.springframework.data.mongodb.core.mapping.Document (preferred), or consider extending one of the following types with your repository: org.springframework.data.mongodb.repository.MongoRepository.
2020-12-12 22:33:06.186  INFO 2124 --- [main] .RepositoryConfigurationExtensionSupport : Spring Data MongoDB - Could not safely identify store assignment for repository candidate interface com.oligei.timemanagement.repository.SetNeo4jRepository. If you want this repository to be a MongoDB repository, consider annotating your entities with one of these annotations: org.springframework.data.mongodb.core.mapping.Document (preferred), or consider extending one of the following types with your repository: org.springframework.data.mongodb.repository.MongoRepository.
2020-12-12 22:33:06.187  INFO 2124 --- [main] .RepositoryConfigurationExtensionSupport : Spring Data MongoDB - Could not safely identify store assignment for repository candidate interface com.oligei.timemanagement.repository.UserNeo4jRepository. If you want this repository to be a MongoDB repository, consider annotating your entities with one of these annotations: org.springframework.data.mongodb.core.mapping.Document (preferred), or consider extending one of the following types with your repository: org.springframework.data.mongodb.repository.MongoRepository.
2020-12-12 22:33:06.188  INFO 2124 --- [main] .RepositoryConfigurationExtensionSupport : Spring Data MongoDB - Could not safely identify store assignment for repository candidate interface com.oligei.timemanagement.repository.UserRepository. If you want this repository to be a MongoDB repository, consider annotating your entities with one of these annotations: org.springframework.data.mongodb.core.mapping.Document (preferred), or consider extending one of the following types with your repository: org.springframework.data.mongodb.repository.MongoRepository.
2020-12-12 22:33:06.208  INFO 2124 --- [main] .s.d.r.c.RepositoryConfigurationDelegate : Finished Spring Data repository scanning in 55ms. Found 1 MongoDB repository interfaces.
2020-12-12 22:33:06.213  INFO 2124 --- [main] .s.d.r.c.RepositoryConfigurationDelegate : Multiple Spring Data modules found, entering strict repository configuration mode!
2020-12-12 22:33:06.214  INFO 2124 --- [main] .s.d.r.c.RepositoryConfigurationDelegate : Bootstrapping Spring Data Neo4j repositories in DEFAULT mode.
2020-12-12 22:33:06.250  INFO 2124 --- [main] .RepositoryConfigurationExtensionSupport : Spring Data Neo4j - Could not safely identify store assignment for repository candidate interface com.oligei.timemanagement.repository.DetailRepository. If you want this repository to be a Neo4j repository, consider annotating your entities with one of these annotations: org.neo4j.ogm.annotation.NodeEntity, org.neo4j.ogm.annotation.RelationshipEntity (preferred), or consider extending one of the following types with your repository: org.springframework.data.neo4j.repository.Neo4jRepository.
2020-12-12 22:33:06.251  INFO 2124 --- [main] .RepositoryConfigurationExtensionSupport : Spring Data Neo4j - Could not safely identify store assignment for repository candidate interface com.oligei.timemanagement.repository.UserMongoDBRepository. If you want this repository to be a Neo4j repository, consider annotating your entities with one of these annotations: org.neo4j.ogm.annotation.NodeEntity, org.neo4j.ogm.annotation.RelationshipEntity (preferred), or consider extending one of the following types with your repository: org.springframework.data.neo4j.repository.Neo4jRepository.
2020-12-12 22:33:06.252  INFO 2124 --- [main] .RepositoryConfigurationExtensionSupport : Spring Data Neo4j - Could not safely identify store assignment for repository candidate interface com.oligei.timemanagement.repository.UserRepository. If you want this repository to be a Neo4j repository, consider annotating your entities with one of these annotations: org.neo4j.ogm.annotation.NodeEntity, org.neo4j.ogm.annotation.RelationshipEntity (preferred), or consider extending one of the following types with your repository: org.springframework.data.neo4j.repository.Neo4jRepository.
2020-12-12 22:33:06.278  INFO 2124 --- [main] .s.d.r.c.RepositoryConfigurationDelegate : Finished Spring Data repository scanning in 60ms. Found 4 Neo4j repository interfaces.
2020-12-12 22:33:06.812  INFO 2124 --- [main] o.s.b.w.embedded.tomcat.TomcatWebServer  : Tomcat initialized with port(s): 1111 (http)
2020-12-12 22:33:06.821  INFO 2124 --- [main] o.apache.catalina.core.StandardService   : Starting service [Tomcat]
2020-12-12 22:33:06.822  INFO 2124 --- [main] org.apache.catalina.core.StandardEngine  : Starting Servlet engine: [Apache Tomcat/9.0.38]
2020-12-12 22:33:06.823  INFO 2124 --- [main] o.a.catalina.core.AprLifecycleListener   : Loaded Apache Tomcat Native library [1.2.23] using APR version [1.7.0].
2020-12-12 22:33:06.824  INFO 2124 --- [main] o.a.catalina.core.AprLifecycleListener   : APR capabilities: IPv6 [true], sendfile [true], accept filters [false], random [true].
2020-12-12 22:33:06.824  INFO 2124 --- [main] o.a.catalina.core.AprLifecycleListener   : APR/OpenSSL configuration: useAprConnector [false], useOpenSSL [true]
2020-12-12 22:33:06.827  INFO 2124 --- [main] o.a.catalina.core.AprLifecycleListener   : OpenSSL successfully initialized [OpenSSL 1.1.1c  28 May 2019]
2020-12-12 22:33:07.039  INFO 2124 --- [main] o.a.c.c.C.[Tomcat].[localhost].[/]       : Initializing Spring embedded WebApplicationContext
2020-12-12 22:33:07.039  INFO 2124 --- [main] w.s.c.ServletWebServerApplicationContext : Root WebApplicationContext: initialization completed in 2081 ms
2020-12-12 22:33:07.298  INFO 2124 --- [main] o.s.s.concurrent.ThreadPoolTaskExecutor  : Initializing ExecutorService 'applicationTaskExecutor'
2020-12-12 22:33:07.480  INFO 2124 --- [main] org.mongodb.driver.cluster               : Cluster created with settings {hosts=[47.100.88.133:27017], mode=SINGLE, requiredClusterType=UNKNOWN, serverSelectionTimeout='30000 ms'}
2020-12-12 22:33:07.642  INFO 2124 --- [cluster-ClusterId{value='5fd4d4a3c7a9946746a080d9', description='null'}-47.100.88.133:27017] org.mongodb.driver.connection            : Opened connection [connectionId{localValue:1, serverValue:681}] to 47.100.88.133:27017
2020-12-12 22:33:07.647  INFO 2124 --- [task-1] com.zaxxer.hikari.HikariDataSource       : HikariPool-1 - Starting...
2020-12-12 22:33:07.714  INFO 2124 --- [cluster-ClusterId{value='5fd4d4a3c7a9946746a080d9', description='null'}-47.100.88.133:27017] org.mongodb.driver.cluster               : Monitor thread successfully connected to server with description ServerDescription{address=47.100.88.133:27017, type=STANDALONE, state=CONNECTED, ok=true, minWireVersion=0, maxWireVersion=9, maxDocumentSize=16777216, logicalSessionTimeoutMinutes=30, roundTripTimeNanos=70261600}
2020-12-12 22:33:08.365  INFO 2124 --- [main] org.neo4j.ogm.metadata.DomainInfo        : Starting Post-processing phase
2020-12-12 22:33:08.365  INFO 2124 --- [main] org.neo4j.ogm.metadata.DomainInfo        : Building byLabel lookup maps
2020-12-12 22:33:08.366  INFO 2124 --- [main] org.neo4j.ogm.metadata.DomainInfo        : Building interface class map for 51 classes
2020-12-12 22:33:08.379  INFO 2124 --- [main] org.neo4j.ogm.metadata.DomainInfo        : Post-processing complete
2020-12-12 22:33:08.425  INFO 2124 --- [main] o.s.d.neo4j.mapping.Neo4jMappingContext  : Neo4jMappingContext initialisation completed
2020-12-12 22:33:08.543  INFO 2124 --- [task-1] com.zaxxer.hikari.HikariDataSource       : HikariPool-1 - Start completed.
2020-12-12 22:33:08.556  WARN 2124 --- [main] JpaBaseConfiguration$JpaWebConfiguration : spring.jpa.open-in-view is enabled by default. Therefore, database queries may be performed during view rendering. Explicitly configure spring.jpa.open-in-view to disable this warning
2020-12-12 22:33:09.373  INFO 2124 --- [task-1] j.LocalContainerEntityManagerFactoryBean : Initialized JPA EntityManagerFactory for persistence unit 'default'
2020-12-12 22:33:09.649  INFO 2124 --- [main] o.s.b.a.e.web.EndpointLinksResolver      : Exposing 2 endpoint(s) beneath base path '/actuator'
2020-12-12 22:33:10.276  INFO 2124 --- [main] o.s.b.w.embedded.tomcat.TomcatWebServer  : Tomcat started on port(s): 1111 (http) with context path ''
2020-12-12 22:33:10.277  INFO 2124 --- [main] DeferredRepositoryInitializationListener : Triggering deferred initialization of Spring Data repositories…
2020-12-12 22:33:10.427  INFO 2124 --- [main] DeferredRepositoryInitializationListener : Spring Data repositories initialized!
2020-12-12 22:33:10.440  INFO 2124 --- [main] c.o.t.TimemanagementApplication          : Started TimemanagementApplication in 5.983 seconds (JVM running for 7.639)
2020-12-12 22:33:48.163  INFO 2124 --- [http-nio-1111-exec-2] o.a.c.c.C.[Tomcat].[localhost].[/]       : Initializing Spring DispatcherServlet 'dispatcherServlet'
2020-12-12 22:33:48.163  INFO 2124 --- [http-nio-1111-exec-2] o.s.web.servlet.DispatcherServlet        : Initializing Servlet 'dispatcherServlet'
2020-12-12 22:33:48.178  INFO 2124 --- [http-nio-1111-exec-2] o.s.web.servlet.DispatcherServlet        : Completed initialization in 14 ms
2020-12-12 22:33:48.384  INFO 2124 --- [http-nio-1111-exec-2] Driver                                   : Direct driver instance 835085329 created for server address 47.100.88.133:7687
2020-12-12 22:34:18.909  WARN 2124 --- [http-nio-1111-exec-3] .w.s.m.s.DefaultHandlerExceptionResolver : Resolved [org.springframework.web.bind.MissingServletRequestParameterException: Required Integer parameter 'userid' is not present]
2020-12-12 22:37:28.414  INFO 25384 --- [main] c.o.t.TimemanagementApplication          : Starting TimemanagementApplication on LAPTOP-DTCCADIQ with PID 25384 (C:\Users\ziliuziliu\Desktop\ASSIGNMENTS\Grade3\TimeManagement\TimeManagementBackend\target\classes started by ziliuziliu in C:\Users\ziliuziliu\Desktop\ASSIGNMENTS\Grade3\TimeManagement\TimeManagementBackend)
2020-12-12 22:37:28.418  INFO 25384 --- [main] c.o.t.TimemanagementApplication          : No active profile set, falling back to default profiles: default
2020-12-12 22:37:29.526  INFO 25384 --- [main] .s.d.r.c.RepositoryConfigurationDelegate : Multiple Spring Data modules found, entering strict repository configuration mode!
2020-12-12 22:37:29.527  INFO 25384 --- [main] .s.d.r.c.RepositoryConfigurationDelegate : Bootstrapping Spring Data JPA repositories in DEFERRED mode.
2020-12-12 22:37:29.614  INFO 25384 --- [main] .RepositoryConfigurationExtensionSupport : Spring Data JPA - Could not safely identify store assignment for repository candidate interface com.oligei.timemanagement.repository.AskNeo4jRepository. If you want this repository to be a JPA repository, consider annotating your entities with one of these annotations: javax.persistence.Entity, javax.persistence.MappedSuperclass (preferred), or consider extending one of the following types with your repository: org.springframework.data.jpa.repository.JpaRepository.
2020-12-12 22:37:29.627  INFO 25384 --- [main] .RepositoryConfigurationExtensionSupport : Spring Data JPA - Could not safely identify store assignment for repository candidate interface com.oligei.timemanagement.repository.FollowNeo4jRepository. If you want this repository to be a JPA repository, consider annotating your entities with one of these annotations: javax.persistence.Entity, javax.persistence.MappedSuperclass (preferred), or consider extending one of the following types with your repository: org.springframework.data.jpa.repository.JpaRepository.
2020-12-12 22:37:29.631  INFO 25384 --- [main] .RepositoryConfigurationExtensionSupport : Spring Data JPA - Could not safely identify store assignment for repository candidate interface com.oligei.timemanagement.repository.SetNeo4jRepository. If you want this repository to be a JPA repository, consider annotating your entities with one of these annotations: javax.persistence.Entity, javax.persistence.MappedSuperclass (preferred), or consider extending one of the following types with your repository: org.springframework.data.jpa.repository.JpaRepository.
2020-12-12 22:37:29.635  INFO 25384 --- [main] .RepositoryConfigurationExtensionSupport : Spring Data JPA - Could not safely identify store assignment for repository candidate interface com.oligei.timemanagement.repository.UserMongoDBRepository. If you want this repository to be a JPA repository, consider annotating your entities with one of these annotations: javax.persistence.Entity, javax.persistence.MappedSuperclass (preferred), or consider extending one of the following types with your repository: org.springframework.data.jpa.repository.JpaRepository.
2020-12-12 22:37:29.641  INFO 25384 --- [main] .RepositoryConfigurationExtensionSupport : Spring Data JPA - Could not safely identify store assignment for repository candidate interface com.oligei.timemanagement.repository.UserNeo4jRepository. If you want this repository to be a JPA repository, consider annotating your entities with one of these annotations: javax.persistence.Entity, javax.persistence.MappedSuperclass (preferred), or consider extending one of the following types with your repository: org.springframework.data.jpa.repository.JpaRepository.
2020-12-12 22:37:29.685  INFO 25384 --- [main] .s.d.r.c.RepositoryConfigurationDelegate : Finished Spring Data repository scanning in 149ms. Found 2 JPA repository interfaces.
2020-12-12 22:37:29.691  INFO 25384 --- [main] .s.d.r.c.RepositoryConfigurationDelegate : Multiple Spring Data modules found, entering strict repository configuration mode!
2020-12-12 22:37:29.692  INFO 25384 --- [main] .s.d.r.c.RepositoryConfigurationDelegate : Bootstrapping Spring Data MongoDB repositories in DEFAULT mode.
2020-12-12 22:37:29.726  INFO 25384 --- [main] .RepositoryConfigurationExtensionSupport : Spring Data MongoDB - Could not safely identify store assignment for repository candidate interface com.oligei.timemanagement.repository.AskNeo4jRepository. If you want this repository to be a MongoDB repository, consider annotating your entities with one of these annotations: org.springframework.data.mongodb.core.mapping.Document (preferred), or consider extending one of the following types with your repository: org.springframework.data.mongodb.repository.MongoRepository.
2020-12-12 22:37:29.728  INFO 25384 --- [main] .RepositoryConfigurationExtensionSupport : Spring Data MongoDB - Could not safely identify store assignment for repository candidate interface com.oligei.timemanagement.repository.DetailRepository. If you want this repository to be a MongoDB repository, consider annotating your entities with one of these annotations: org.springframework.data.mongodb.core.mapping.Document (preferred), or consider extending one of the following types with your repository: org.springframework.data.mongodb.repository.MongoRepository.
2020-12-12 22:37:29.729  INFO 25384 --- [main] .RepositoryConfigurationExtensionSupport : Spring Data MongoDB - Could not safely identify store assignment for repository candidate interface com.oligei.timemanagement.repository.FollowNeo4jRepository. If you want this repository to be a MongoDB repository, consider annotating your entities with one of these annotations: org.springframework.data.mongodb.core.mapping.Document (preferred), or consider extending one of the following types with your repository: org.springframework.data.mongodb.repository.MongoRepository.
2020-12-12 22:37:29.730  INFO 25384 --- [main] .RepositoryConfigurationExtensionSupport : Spring Data MongoDB - Could not safely identify store assignment for repository candidate interface com.oligei.timemanagement.repository.SetNeo4jRepository. If you want this repository to be a MongoDB repository, consider annotating your entities with one of these annotations: org.springframework.data.mongodb.core.mapping.Document (preferred), or consider extending one of the following types with your repository: org.springframework.data.mongodb.repository.MongoRepository.
2020-12-12 22:37:29.732  INFO 25384 --- [main] .RepositoryConfigurationExtensionSupport : Spring Data MongoDB - Could not safely identify store assignment for repository candidate interface com.oligei.timemanagement.repository.UserNeo4jRepository. If you want this repository to be a MongoDB repository, consider annotating your entities with one of these annotations: org.springframework.data.mongodb.core.mapping.Document (preferred), or consider extending one of the following types with your repository: org.springframework.data.mongodb.repository.MongoRepository.
2020-12-12 22:37:29.733  INFO 25384 --- [main] .RepositoryConfigurationExtensionSupport : Spring Data MongoDB - Could not safely identify store assignment for repository candidate interface com.oligei.timemanagement.repository.UserRepository. If you want this repository to be a MongoDB repository, consider annotating your entities with one of these annotations: org.springframework.data.mongodb.core.mapping.Document (preferred), or consider extending one of the following types with your repository: org.springframework.data.mongodb.repository.MongoRepository.
2020-12-12 22:37:29.757  INFO 25384 --- [main] .s.d.r.c.RepositoryConfigurationDelegate : Finished Spring Data repository scanning in 64ms. Found 1 MongoDB repository interfaces.
2020-12-12 22:37:29.762  INFO 25384 --- [main] .s.d.r.c.RepositoryConfigurationDelegate : Multiple Spring Data modules found, entering strict repository configuration mode!
2020-12-12 22:37:29.763  INFO 25384 --- [main] .s.d.r.c.RepositoryConfigurationDelegate : Bootstrapping Spring Data Neo4j repositories in DEFAULT mode.
2020-12-12 22:37:29.799  INFO 25384 --- [main] .RepositoryConfigurationExtensionSupport : Spring Data Neo4j - Could not safely identify store assignment for repository candidate interface com.oligei.timemanagement.repository.DetailRepository. If you want this repository to be a Neo4j repository, consider annotating your entities with one of these annotations: org.neo4j.ogm.annotation.NodeEntity, org.neo4j.ogm.annotation.RelationshipEntity (preferred), or consider extending one of the following types with your repository: org.springframework.data.neo4j.repository.Neo4jRepository.
2020-12-12 22:37:29.801  INFO 25384 --- [main] .RepositoryConfigurationExtensionSupport : Spring Data Neo4j - Could not safely identify store assignment for repository candidate interface com.oligei.timemanagement.repository.UserMongoDBRepository. If you want this repository to be a Neo4j repository, consider annotating your entities with one of these annotations: org.neo4j.ogm.annotation.NodeEntity, org.neo4j.ogm.annotation.RelationshipEntity (preferred), or consider extending one of the following types with your repository: org.springframework.data.neo4j.repository.Neo4jRepository.
2020-12-12 22:37:29.802  INFO 25384 --- [main] .RepositoryConfigurationExtensionSupport : Spring Data Neo4j - Could not safely identify store assignment for repository candidate interface com.oligei.timemanagement.repository.UserRepository. If you want this repository to be a Neo4j repository, consider annotating your entities with one of these annotations: org.neo4j.ogm.annotation.NodeEntity, org.neo4j.ogm.annotation.RelationshipEntity (preferred), or consider extending one of the following types with your repository: org.springframework.data.neo4j.repository.Neo4jRepository.
2020-12-12 22:37:29.828  INFO 25384 --- [main] .s.d.r.c.RepositoryConfigurationDelegate : Finished Spring Data repository scanning in 61ms. Found 4 Neo4j repository interfaces.
2020-12-12 22:37:30.399  INFO 25384 --- [main] o.s.b.w.embedded.tomcat.TomcatWebServer  : Tomcat initialized with port(s): 1111 (http)
2020-12-12 22:37:30.409  INFO 25384 --- [main] o.apache.catalina.core.StandardService   : Starting service [Tomcat]
2020-12-12 22:37:30.409  INFO 25384 --- [main] org.apache.catalina.core.StandardEngine  : Starting Servlet engine: [Apache Tomcat/9.0.38]
2020-12-12 22:37:30.410  INFO 25384 --- [main] o.a.catalina.core.AprLifecycleListener   : Loaded Apache Tomcat Native library [1.2.23] using APR version [1.7.0].
2020-12-12 22:37:30.411  INFO 25384 --- [main] o.a.catalina.core.AprLifecycleListener   : APR capabilities: IPv6 [true], sendfile [true], accept filters [false], random [true].
2020-12-12 22:37:30.411  INFO 25384 --- [main] o.a.catalina.core.AprLifecycleListener   : APR/OpenSSL configuration: useAprConnector [false], useOpenSSL [true]
2020-12-12 22:37:30.415  INFO 25384 --- [main] o.a.catalina.core.AprLifecycleListener   : OpenSSL successfully initialized [OpenSSL 1.1.1c  28 May 2019]
2020-12-12 22:37:30.642  INFO 25384 --- [main] o.a.c.c.C.[Tomcat].[localhost].[/]       : Initializing Spring embedded WebApplicationContext
2020-12-12 22:37:30.642  INFO 25384 --- [main] w.s.c.ServletWebServerApplicationContext : Root WebApplicationContext: initialization completed in 2174 ms
2020-12-12 22:37:30.919  INFO 25384 --- [main] o.s.s.concurrent.ThreadPoolTaskExecutor  : Initializing ExecutorService 'applicationTaskExecutor'
2020-12-12 22:37:31.108  INFO 25384 --- [main] org.mongodb.driver.cluster               : Cluster created with settings {hosts=[47.100.88.133:27017], mode=SINGLE, requiredClusterType=UNKNOWN, serverSelectionTimeout='30000 ms'}
2020-12-12 22:37:31.230  INFO 25384 --- [cluster-ClusterId{value='5fd4d5ab3355c439463162cf', description='null'}-47.100.88.133:27017] org.mongodb.driver.connection            : Opened connection [connectionId{localValue:1, serverValue:682}] to 47.100.88.133:27017
2020-12-12 22:37:31.269  INFO 25384 --- [cluster-ClusterId{value='5fd4d5ab3355c439463162cf', description='null'}-47.100.88.133:27017] org.mongodb.driver.cluster               : Monitor thread successfully connected to server with description ServerDescription{address=47.100.88.133:27017, type=STANDALONE, state=CONNECTED, ok=true, minWireVersion=0, maxWireVersion=9, maxDocumentSize=16777216, logicalSessionTimeoutMinutes=30, roundTripTimeNanos=35275500}
2020-12-12 22:37:31.271  INFO 25384 --- [task-1] com.zaxxer.hikari.HikariDataSource       : HikariPool-1 - Starting...
2020-12-12 22:37:32.002  INFO 25384 --- [main] org.neo4j.ogm.metadata.DomainInfo        : Starting Post-processing phase
2020-12-12 22:37:32.003  INFO 25384 --- [main] org.neo4j.ogm.metadata.DomainInfo        : Building byLabel lookup maps
2020-12-12 22:37:32.003  INFO 25384 --- [main] org.neo4j.ogm.metadata.DomainInfo        : Building interface class map for 51 classes
2020-12-12 22:37:32.017  INFO 25384 --- [main] org.neo4j.ogm.metadata.DomainInfo        : Post-processing complete
2020-12-12 22:37:32.033  INFO 25384 --- [task-1] com.zaxxer.hikari.HikariDataSource       : HikariPool-1 - Start completed.
2020-12-12 22:37:32.061  INFO 25384 --- [main] o.s.d.neo4j.mapping.Neo4jMappingContext  : Neo4jMappingContext initialisation completed
2020-12-12 22:37:32.235  WARN 25384 --- [main] JpaBaseConfiguration$JpaWebConfiguration : spring.jpa.open-in-view is enabled by default. Therefore, database queries may be performed during view rendering. Explicitly configure spring.jpa.open-in-view to disable this warning
2020-12-12 22:37:33.012  INFO 25384 --- [task-1] j.LocalContainerEntityManagerFactoryBean : Initialized JPA EntityManagerFactory for persistence unit 'default'
2020-12-12 22:37:33.146  INFO 25384 --- [main] o.s.b.a.e.web.EndpointLinksResolver      : Exposing 2 endpoint(s) beneath base path '/actuator'
2020-12-12 22:37:33.764  INFO 25384 --- [main] o.s.b.w.embedded.tomcat.TomcatWebServer  : Tomcat started on port(s): 1111 (http) with context path ''
2020-12-12 22:37:33.765  INFO 25384 --- [main] DeferredRepositoryInitializationListener : Triggering deferred initialization of Spring Data repositories…
2020-12-12 22:37:33.927  INFO 25384 --- [main] DeferredRepositoryInitializationListener : Spring Data repositories initialized!
2020-12-12 22:37:33.941  INFO 25384 --- [main] c.o.t.TimemanagementApplication          : Started TimemanagementApplication in 5.999 seconds (JVM running for 7.781)
2020-12-12 22:37:46.918  INFO 25384 --- [http-nio-1111-exec-2] o.a.c.c.C.[Tomcat].[localhost].[/]       : Initializing Spring DispatcherServlet 'dispatcherServlet'
2020-12-12 22:37:46.918  INFO 25384 --- [http-nio-1111-exec-2] o.s.web.servlet.DispatcherServlet        : Initializing Servlet 'dispatcherServlet'
2020-12-12 22:37:46.928  INFO 25384 --- [http-nio-1111-exec-2] o.s.web.servlet.DispatcherServlet        : Completed initialization in 9 ms
2020-12-12 22:37:47.140  INFO 25384 --- [http-nio-1111-exec-2] Driver                                   : Direct driver instance 381270312 created for server address 47.100.88.133:7687
